
Apr 13, 2026 18:18:35.448 NEW SESSION
Apr 13, 2026 18:18:35.448 Created TensorFlow Lite XNNPACK delegate for CPU.
Apr 13, 2026 18:18:35.815 [25964:14448:0413/181835.814:ERROR:extensions\browser\api\web_request\extension_web_request_event_router.cc:1919] AddEventListener: 0x45e4000aa780 extension_id: fheoggkfdfchfphceeifdbepaooicaho extension_name: McAfee® WebAdvisor event_name: webRequest.onBeforeRequest sub_event_name: webRequest.onBeforeRequest/s1 render_process_id: 7 web_view_instance_id: 0 worker_thread_id: 1 service_worker_version_id: 6255
Apr 13, 2026 18:18:35.817 [25964:14448:0413/181835.815:ERROR:extensions\browser\api\web_request\extension_web_request_event_router.cc:1919] AddEventListener: 0x45e4000aa780 extension_id: fheoggkfdfchfphceeifdbepaooicaho extension_name: McAfee® WebAdvisor event_name: webRequest.onBeforeSendHeaders sub_event_name: webRequest.onBeforeSendHeaders/s2 render_process_id: 7 web_view_instance_id: 0 worker_thread_id: 1 service_worker_version_id: 6255
Apr 13, 2026 18:18:35.819 [25964:14448:0413/181835.815:ERROR:extensions\browser\api\web_request\extension_web_request_event_router.cc:1919] AddEventListener: 0x45e4000aa780 extension_id: fheoggkfdfchfphceeifdbepaooicaho extension_name: McAfee® WebAdvisor event_name: webRequest.onHeadersReceived sub_event_name: webRequest.onHeadersReceived/s3 render_process_id: 7 web_view_instance_id: 0 worker_thread_id: 1 service_worker_version_id: 6255
Apr 13, 2026 18:18:35.820 [25964:14448:0413/181835.815:ERROR:extensions\browser\api\web_request\extension_web_request_event_router.cc:1919] AddEventListener: 0x45e4000aa780 extension_id: fheoggkfdfchfphceeifdbepaooicaho extension_name: McAfee® WebAdvisor event_name: webRequest.onBeforeRedirect sub_event_name: webRequest.onBeforeRedirect/s4 render_process_id: 7 web_view_instance_id: 0 worker_thread_id: 1 service_worker_version_id: 6255
Apr 13, 2026 18:18:35.821 [25964:14448:0413/181835.815:ERROR:extensions\browser\api\web_request\extension_web_request_event_router.cc:1919] AddEventListener: 0x45e4000aa780 extension_id: fheoggkfdfchfphceeifdbepaooicaho extension_name: McAfee® WebAdvisor event_name: webRequest.onResponseStarted sub_event_name: webRequest.onResponseStarted/s5 render_process_id: 7 web_view_instance_id: 0 worker_thread_id: 1 service_worker_version_id: 6255
Apr 13, 2026 18:18:35.822 [25964:14448:0413/181835.815:ERROR:extensions\browser\api\web_request\extension_web_request_event_router.cc:1919] AddEventListener: 0x45e4000aa780 extension_id: fheoggkfdfchfphceeifdbepaooicaho extension_name: McAfee® WebAdvisor event_name: webRequest.onCompleted sub_event_name: webRequest.onCompleted/s6 render_process_id: 7 web_view_instance_id: 0 worker_thread_id: 1 service_worker_version_id: 6255
Apr 13, 2026 18:18:42.883 [25964:14448:0413/181842.882:ERROR:extensions\browser\api\web_request\extension_web_request_event_router.cc:1919] AddEventListener: 0x45e4000aa780 extension_id: nkbihfbeogaeaoehlefnkodbefgpgknn extension_name: MetaMask event_name: webRequest.onErrorOccurred sub_event_name: webRequest.onErrorOccurred/s1 render_process_id: 8 web_view_instance_id: 0 worker_thread_id: 1 service_worker_version_id: 6310
Apr 13, 2026 18:18:42.889 [25964:14448:0413/181842.888:ERROR:extensions\browser\api\web_request\extension_web_request_event_router.cc:1919] AddEventListener: 0x45e4000aa780 extension_id: nkbihfbeogaeaoehlefnkodbefgpgknn extension_name: MetaMask event_name: webRequest.onBeforeRequest sub_event_name: webRequest.onBeforeRequest/s2 render_process_id: 8 web_view_instance_id: 0 worker_thread_id: 1 service_worker_version_id: 6310
Apr 13, 2026 18:18:42.931 [25964:14448:0413/181842.930:ERROR:extensions\browser\api\web_request\extension_web_request_event_router.cc:1919] AddEventListener: 0x45e4000aa780 extension_id: nkbihfbeogaeaoehlefnkodbefgpgknn extension_name: MetaMask event_name: webRequest.onBeforeRequest sub_event_name: webRequest.onBeforeRequest/s3 render_process_id: 8 web_view_instance_id: 0 worker_thread_id: 1 service_worker_version_id: 6310
Apr 13, 2026 18:18:45.406 [25964:27088:0413/181845.405:ERROR:google_apis\gcm\engine\registration_request.cc:291] Registration response error message: DEPRECATED_ENDPOINT
Apr 13, 2026 18:18:56.671 [25964:14448:0413/181856.670:ERROR:extensions\browser\api\web_request\extension_web_request_event_router.cc:1919] AddEventListener: 0x45e4000aa780 extension_id:  extension_name:  event_name: webViewInternal.onBeforeSendHeaders sub_event_name: webViewInternal.onBeforeSendHeaders/g3 render_process_id: 16 web_view_instance_id: 1 worker_thread_id: 0 service_worker_version_id: -1
Apr 13, 2026 18:18:56.673 [25964:14448:0413/181856.671:ERROR:extensions\browser\api\web_request\extension_web_request_event_router.cc:1919] AddEventListener: 0x45e4000aa780 extension_id:  extension_name:  event_name: webViewInternal.onBeforeRequest sub_event_name: webViewInternal.onBeforeRequest/g4 render_process_id: 16 web_view_instance_id: 1 worker_thread_id: 0 service_worker_version_id: -1
Apr 13, 2026 18:19:13.587 [25964:27088:0413/181913.586:ERROR:google_apis\gcm\engine\registration_request.cc:291] Registration response error message: DEPRECATED_ENDPOINT
Apr 13, 2026 18:20:04.161 [25964:27088:0413/182004.160:ERROR:google_apis\gcm\engine\registration_request.cc:291] Registration response error message: DEPRECATED_ENDPOINT
Apr 13, 2026 18:21:30.750 [25964:27088:0413/182130.749:ERROR:google_apis\gcm\engine\registration_request.cc:291] Registration response error message: DEPRECATED_ENDPOINT
Apr 13, 2026 18:24:49.88 [25964:27088:0413/182449.087:ERROR:google_apis\gcm\engine\registration_request.cc:291] Registration response error message: DEPRECATED_ENDPOINT
Apr 13, 2026 18:32:31.926 [25964:27088:0413/183231.925:ERROR:google_apis\gcm\engine\registration_request.cc:291] Registration response error message: DEPRECATED_ENDPOINT
Apr 13, 2026 18:49:30.581 [25964:27088:0413/184930.580:ERROR:google_apis\gcm\engine\connection_factory_impl.cc:483] ConnectionHandler failed with net error: -2
Apr 13, 2026 19:19:53.750 [25964:27088:0413/191953.749:ERROR:google_apis\gcm\engine\connection_factory_impl.cc:483] ConnectionHandler failed with net error: -2
Apr 13, 2026 19:28:49.725 [25964:27088:0413/192849.725:ERROR:google_apis\gcm\engine\connection_factory_impl.cc:483] ConnectionHandler failed with net error: -2
Apr 13, 2026 19:28:55.483 [25964:27088:0413/192855.481:ERROR:google_apis\gcm\engine\connection_factory_impl.cc:483] ConnectionHandler failed with net error: -2
Apr 13, 2026 19:39:21.310 [25964:27088:0413/193921.310:ERROR:google_apis\gcm\engine\connection_factory_impl.cc:434] Failed to connect to MCS endpoint with error -105
Apr 13, 2026 21:49:55.319 [25964:8400:0413/214955.317:ERROR:components\sync\engine\get_updates_processor.cc:270] PostClientToServerMessage() failed during GetUpdates with error Network error (ERR_INTERNET_DISCONNECTED)
Apr 13, 2026 22:27:40.91 [25964:20624:0413/222740.089:ERROR:components\sync\engine\get_updates_processor.cc:270] PostClientToServerMessage() failed during GetUpdates with error Network error (ERR_NAME_NOT_RESOLVED)
Apr 13, 2026 22:42:25.887 [25964:27088:0413/224225.886:ERROR:google_apis\gcm\engine\connection_factory_impl.cc:483] ConnectionHandler failed with net error: -2
Apr 13, 2026 22:43:21.974 [25964:27088:0413/224321.974:ERROR:google_apis\gcm\engine\connection_factory_impl.cc:434] Failed to connect to MCS endpoint with error -105
Apr 14, 2026 24:15:34.94 [25964:27088:0414/001534.093:ERROR:google_apis\gcm\engine\registration_request.cc:291] Registration response error message: DEPRECATED_ENDPOINT
Apr 14, 2026 24:15:55.559 [25964:27088:0414/001555.559:ERROR:google_apis\gcm\engine\registration_request.cc:291] Registration response error message: DEPRECATED_ENDPOINT
Apr 14, 2026 24:16:38.557 [25964:27088:0414/001638.556:ERROR:google_apis\gcm\engine\registration_request.cc:291] Registration response error message: DEPRECATED_ENDPOINT
Apr 14, 2026 24:18:47.133 [25964:27088:0414/001847.133:ERROR:google_apis\gcm\engine\registration_request.cc:275] Registration URL fetching failed.
Apr 14, 2026 24:30:44.357 [25964:27088:0414/003044.357:ERROR:google_apis\gcm\engine\registration_request.cc:275] Registration URL fetching failed.

Apr 17, 2026 19:05:42.715 NEW SESSION
Apr 17, 2026 19:05:42.716 Created TensorFlow Lite XNNPACK delegate for CPU.
Apr 17, 2026 19:05:46.692 [13072:26748:0417/190546.691:ERROR:google_apis\gcm\engine\registration_request.cc:291] Registration response error message: DEPRECATED_ENDPOINT
Apr 17, 2026 19:06:10.85 [13072:26748:0417/190610.084:ERROR:google_apis\gcm\engine\registration_request.cc:291] Registration response error message: DEPRECATED_ENDPOINT
Apr 17, 2026 19:07:06.177 [13072:26748:0417/190706.176:ERROR:google_apis\gcm\engine\registration_request.cc:291] Registration response error message: DEPRECATED_ENDPOINT
Apr 17, 2026 19:08:14.543 [13072:18856:0417/190814.542:ERROR:mojo\public\cpp\bindings\lib\interface_endpoint_client.cc:748] Message 1 rejected by interface blink.mojom.WidgetHost
Apr 17, 2026 19:09:02.364 [13072:26748:0417/190902.364:ERROR:google_apis\gcm\engine\registration_request.cc:291] Registration response error message: DEPRECATED_ENDPOINT
Apr 17, 2026 19:12:59.27 [13072:26748:0417/191259.027:ERROR:google_apis\gcm\engine\registration_request.cc:291] Registration response error message: DEPRECATED_ENDPOINT
Apr 17, 2026 19:20:58.429 [13072:26748:0417/192058.428:ERROR:google_apis\gcm\engine\registration_request.cc:291] Registration response error message: DEPRECATED_ENDPOINT
Apr 17, 2026 19:48:32.153 [13072:26748:0417/194832.151:ERROR:google_apis\gcm\engine\connection_factory_impl.cc:483] ConnectionHandler failed with net error: -2
Apr 17, 2026 20:45:49.562 [13072:26748:0417/204549.560:ERROR:google_apis\gcm\engine\connection_factory_impl.cc:483] ConnectionHandler failed with net error: -2
Apr 17, 2026 20:49:59.706 [13072:26748:0417/204959.705:ERROR:google_apis\gcm\engine\connection_factory_impl.cc:434] Failed to connect to MCS endpoint with error -7
Apr 17, 2026 21:56:52.586 [13072:26748:0417/215652.585:ERROR:google_apis\gcm\engine\connection_factory_impl.cc:434] Failed to connect to MCS endpoint with error -105
Apr 17, 2026 22:08:17.801 [13072:18856:0417/220817.801:ERROR:chrome\browser\ui\webui\ntp\new_tab_ui.cc:53] Requested load of chrome://newtab/ for incorrect profile type.
Apr 17, 2026 22:08:17.871 [13072:18856:0417/220817.871:ERROR:chrome\browser\ui\webui\ntp\new_tab_ui.cc:53] Requested load of chrome://newtab/ for incorrect profile type.
Apr 17, 2026 22:08:18.515 [13072:18856:0417/220818.515:ERROR:chrome\browser\ui\webui\ntp\new_tab_ui.cc:53] Requested load of chrome://newtab/ for incorrect profile type.
Apr 17, 2026 22:09:40.358 [13072:26748:0417/220940.355:ERROR:google_apis\gcm\engine\registration_request.cc:291] Registration response error message: DEPRECATED_ENDPOINT
Apr 17, 2026 22:10:09.438 [13072:26748:0417/221009.436:ERROR:google_apis\gcm\engine\registration_request.cc:291] Registration response error message: DEPRECATED_ENDPOINT
Apr 17, 2026 22:11:08.974 [13072:26748:0417/221108.972:ERROR:google_apis\gcm\engine\registration_request.cc:291] Registration response error message: DEPRECATED_ENDPOINT
Apr 17, 2026 22:12:31.578 [13072:26748:0417/221231.578:ERROR:google_apis\gcm\engine\registration_request.cc:291] Registration response error message: DEPRECATED_ENDPOINT
Apr 17, 2026 22:15:34.510 [13072:26748:0417/221534.509:ERROR:google_apis\gcm\engine\registration_request.cc:291] Registration response error message: DEPRECATED_ENDPOINT
Apr 17, 2026 22:23:33.303 [13072:26748:0417/222333.302:ERROR:google_apis\gcm\engine\registration_request.cc:291] Registration response error message: DEPRECATED_ENDPOINT
Apr 17, 2026 23:38:02.738 [13072:18856:0417/233802.735:ERROR:chrome\browser\ui\webui\ntp\new_tab_ui.cc:53] Requested load of chrome://newtab/ for incorrect profile type.
Apr 17, 2026 23:45:06.198 [13072:18856:0417/234506.198:ERROR:chrome\browser\ui\webui\ntp\new_tab_ui.cc:53] Requested load of chrome://newtab/ for incorrect profile type.
Apr 17, 2026 23:45:07.706 [13072:18856:0417/234507.706:ERROR:chrome\browser\ui\webui\ntp\new_tab_ui.cc:53] Requested load of chrome://newtab/ for incorrect profile type.
Apr 17, 2026 23:45:07.760 [13072:18856:0417/234507.759:ERROR:chrome\browser\ui\webui\ntp\new_tab_ui.cc:53] Requested load of chrome://newtab/ for incorrect profile type.
Apr 17, 2026 23:45:08.62 [13072:18856:0417/234508.061:ERROR:chrome\browser\ui\webui\ntp\new_tab_ui.cc:53] Requested load of chrome://newtab/ for incorrect profile type.
Apr 18, 2026 24:30:45.351 [13072:26748:0418/003045.349:ERROR:google_apis\gcm\engine\connection_factory_impl.cc:483] ConnectionHandler failed with net error: -2
Apr 18, 2026 24:30:51.859 [13072:26748:0418/003051.858:ERROR:google_apis\gcm\engine\connection_factory_impl.cc:483] ConnectionHandler failed with net error: -2
Apr 18, 2026 24:46:33.19 [13072:26748:0418/004633.018:ERROR:google_apis\gcm\engine\connection_factory_impl.cc:434] Failed to connect to MCS endpoint with error -105
Apr 18, 2026 01:10:42.251 [13072:26748:0418/011042.251:ERROR:google_apis\gcm\engine\connection_factory_impl.cc:483] ConnectionHandler failed with net error: -2
Apr 18, 2026 01:10:48.412 [13072:26748:0418/011048.411:ERROR:google_apis\gcm\engine\connection_factory_impl.cc:483] ConnectionHandler failed with net error: -2
Apr 18, 2026 03:13:21.518 [13072:26748:0418/031321.517:ERROR:google_apis\gcm\engine\connection_factory_impl.cc:434] Failed to connect to MCS endpoint with error -105
Apr 18, 2026 03:13:21.519 [13072:16536:0418/031321.518:ERROR:components\sync\engine\get_updates_processor.cc:270] PostClientToServerMessage() failed during GetUpdates with error Network error (ERR_NAME_NOT_RESOLVED)
Apr 18, 2026 10:53:56.893 [13072:26748:0418/105356.892:ERROR:google_apis\gcm\engine\registration_request.cc:291] Registration response error message: DEPRECATED_ENDPOINT
Apr 18, 2026 10:54:24.158 [13072:26748:0418/105424.157:ERROR:google_apis\gcm\engine\registration_request.cc:291] Registration response error message: DEPRECATED_ENDPOINT
Apr 18, 2026 10:55:23.950 [13072:26748:0418/105523.949:ERROR:google_apis\gcm\engine\registration_request.cc:291] Registration response error message: DEPRECATED_ENDPOINT
Apr 18, 2026 10:55:34.134 [13072:18856:0418/105534.133:ERROR:chrome\browser\ui\webui\ntp\new_tab_ui.cc:53] Requested load of chrome://newtab/ for incorrect profile type.
Apr 18, 2026 10:55:34.209 [13072:18856:0418/105534.208:ERROR:chrome\browser\ui\webui\ntp\new_tab_ui.cc:53] Requested load of chrome://newtab/ for incorrect profile type.
Apr 18, 2026 10:55:34.289 [13072:18856:0418/105534.288:ERROR:chrome\browser\ui\webui\ntp\new_tab_ui.cc:53] Requested load of chrome://newtab/ for incorrect profile type.
Apr 18, 2026 10:55:34.814 [13072:18856:0418/105534.813:ERROR:chrome\browser\ui\webui\ntp\new_tab_ui.cc:53] Requested load of chrome://newtab/ for incorrect profile type.
Apr 18, 2026 10:56:47.149 [13072:26748:0418/105647.148:ERROR:google_apis\gcm\engine\registration_request.cc:291] Registration response error message: DEPRECATED_ENDPOINT
Apr 18, 2026 11:00:39.676 [13072:26748:0418/110039.676:ERROR:google_apis\gcm\engine\registration_request.cc:291] Registration response error message: DEPRECATED_ENDPOINT
Apr 18, 2026 11:03:30.812 [13072:18856:0418/110330.811:ERROR:chrome\browser\ui\webui\ntp\new_tab_ui.cc:53] Requested load of chrome://newtab/ for incorrect profile type.
Apr 18, 2026 11:03:30.894 [13072:18856:0418/110330.894:ERROR:chrome\browser\ui\webui\ntp\new_tab_ui.cc:53] Requested load of chrome://newtab/ for incorrect profile type.
Apr 18, 2026 11:03:30.978 [13072:18856:0418/110330.977:ERROR:chrome\browser\ui\webui\ntp\new_tab_ui.cc:53] Requested load of chrome://newtab/ for incorrect profile type.
Apr 18, 2026 11:03:31.728 [13072:18856:0418/110331.727:ERROR:chrome\browser\ui\webui\ntp\new_tab_ui.cc:53] Requested load of chrome://newtab/ for incorrect profile type.
Apr 18, 2026 11:03:32.72 [13072:18856:0418/110332.071:ERROR:chrome\browser\ui\webui\ntp\new_tab_ui.cc:53] Requested load of chrome://newtab/ for incorrect profile type.
Apr 18, 2026 11:03:32.169 [13072:18856:0418/110332.168:ERROR:chrome\browser\ui\webui\ntp\new_tab_ui.cc:53] Requested load of chrome://newtab/ for incorrect profile type.
Apr 18, 2026 11:03:32.322 [13072:18856:0418/110332.322:ERROR:chrome\browser\ui\webui\ntp\new_tab_ui.cc:53] Requested load of chrome://newtab/ for incorrect profile type.
Apr 18, 2026 11:03:32.423 [13072:18856:0418/110332.422:ERROR:chrome\browser\ui\webui\ntp\new_tab_ui.cc:53] Requested load of chrome://newtab/ for incorrect profile type.
Apr 18, 2026 11:06:40.231 [13072:26748:0418/110640.230:ERROR:google_apis\gcm\engine\registration_request.cc:291] Registration response error message: QUOTA_EXCEEDED
Apr 18, 2026 11:25:42.583 [13072:26748:0418/112542.582:ERROR:google_apis\gcm\engine\connection_factory_impl.cc:483] ConnectionHandler failed with net error: -2
Apr 18, 2026 11:29:57.914 [13072:26748:0418/112957.914:ERROR:google_apis\gcm\engine\connection_factory_impl.cc:434] Failed to connect to MCS endpoint with error -105
Apr 18, 2026 11:36:33.874 [13072:26748:0418/113633.873:ERROR:google_apis\gcm\engine\connection_factory_impl.cc:483] ConnectionHandler failed with net error: -2
Apr 18, 2026 11:36:50.479 [13072:26748:0418/113650.478:ERROR:google_apis\gcm\engine\connection_factory_impl.cc:434] Failed to connect to MCS endpoint with error -105
Apr 18, 2026 12:47:35.432 [13072:26748:0418/124735.431:ERROR:google_apis\gcm\engine\connection_factory_impl.cc:434] Failed to connect to MCS endpoint with error -106
Apr 18, 2026 13:06:34.297 [13072:26748:0418/130632.152:ERROR:google_apis\gcm\engine\connection_factory_impl.cc:483] ConnectionHandler failed with net error: -2
Apr 18, 2026 13:06:39.320 [13072:26748:0418/130639.318:ERROR:google_apis\gcm\engine\connection_factory_impl.cc:483] ConnectionHandler failed with net error: -2
Apr 18, 2026 13:18:55.935 [13072:26748:0418/131855.934:ERROR:google_apis\gcm\engine\connection_factory_impl.cc:434] Failed to connect to MCS endpoint with error -105
Apr 18, 2026 14:31:18.591 [13072:26748:0418/143118.590:ERROR:google_apis\gcm\engine\connection_factory_impl.cc:483] ConnectionHandler failed with net error: -2
Apr 18, 2026 14:31:24.131 [13072:26748:0418/143124.130:ERROR:google_apis\gcm\engine\connection_factory_impl.cc:483] ConnectionHandler failed with net error: -2
Apr 18, 2026 14:40:04.272 [13072:26748:0418/144004.268:ERROR:google_apis\gcm\engine\connection_factory_impl.cc:483] ConnectionHandler failed with net error: -2
Apr 18, 2026 14:43:38.778 [13072:26748:0418/144338.777:ERROR:google_apis\gcm\engine\connection_factory_impl.cc:483] ConnectionHandler failed with net error: -2
Apr 18, 2026 14:43:43.803 [13072:26748:0418/144343.802:ERROR:google_apis\gcm\engine\connection_factory_impl.cc:483] ConnectionHandler failed with net error: -2
Apr 18, 2026 14:54:05.676 [13072:26748:0418/145405.675:ERROR:google_apis\gcm\engine\connection_factory_impl.cc:434] Failed to connect to MCS endpoint with error -105
Apr 18, 2026 14:54:05.677 [13072:16536:0418/145405.675:ERROR:components\sync\engine\get_updates_processor.cc:270] PostClientToServerMessage() failed during GetUpdates with error Network error (ERR_NAME_NOT_RESOLVED)
Apr 18, 2026 14:54:07.199 [13072:16536:0418/145407.198:ERROR:components\sync\engine\get_updates_processor.cc:270] PostClientToServerMessage() failed during GetUpdates with error Network error (ERR_NAME_NOT_RESOLVED)
Apr 18, 2026 14:54:09.472 [13072:16536:0418/145409.471:ERROR:components\sync\engine\get_updates_processor.cc:270] PostClientToServerMessage() failed during GetUpdates with error Network error (ERR_NAME_NOT_RESOLVED)
Apr 18, 2026 15:12:42.142 [13072:26748:0418/151242.141:ERROR:google_apis\gcm\engine\connection_factory_impl.cc:434] Failed to connect to MCS endpoint with error -105
Apr 18, 2026 15:12:42.143 [13072:11540:0418/151242.142:ERROR:components\sync\engine\get_updates_processor.cc:270] PostClientToServerMessage() failed during GetUpdates with error Network error (ERR_NAME_NOT_RESOLVED)
Apr 18, 2026 15:26:47.505 [13072:26748:0418/152647.504:ERROR:google_apis\gcm\engine\connection_factory_impl.cc:483] ConnectionHandler failed with net error: -2
Apr 18, 2026 15:26:53.762 [13072:26748:0418/152653.760:ERROR:google_apis\gcm\engine\connection_factory_impl.cc:483] ConnectionHandler failed with net error: -2
Apr 18, 2026 16:03:33.856 [13072:18856:0418/160333.855:ERROR:mojo\public\cpp\bindings\lib\interface_endpoint_client.cc:748] Message 1 rejected by interface blink.mojom.WidgetHost
Apr 18, 2026 16:09:09.91 [13072:26748:0418/160909.091:ERROR:google_apis\gcm\engine\connection_factory_impl.cc:483] ConnectionHandler failed with net error: -2
Apr 18, 2026 17:03:52.953 [13072:18856:0418/170352.952:ERROR:chrome\browser\ui\webui\ntp\new_tab_ui.cc:53] Requested load of chrome://newtab/ for incorrect profile type.
Apr 18, 2026 17:03:53.08 [13072:18856:0418/170353.007:ERROR:chrome\browser\ui\webui\ntp\new_tab_ui.cc:53] Requested load of chrome://newtab/ for incorrect profile type.
Apr 18, 2026 17:03:53.209 [13072:18856:0418/170353.209:ERROR:chrome\browser\ui\webui\ntp\new_tab_ui.cc:53] Requested load of chrome://newtab/ for incorrect profile type.
Apr 18, 2026 17:03:53.266 [13072:18856:0418/170353.264:ERROR:chrome\browser\ui\webui\ntp\new_tab_ui.cc:53] Requested load of chrome://newtab/ for incorrect profile type.
Apr 18, 2026 17:03:53.456 [13072:18856:0418/170353.456:ERROR:chrome\browser\ui\webui\ntp\new_tab_ui.cc:53] Requested load of chrome://newtab/ for incorrect profile type.
Apr 18, 2026 17:03:53.678 [13072:18856:0418/170353.677:ERROR:chrome\browser\ui\webui\ntp\new_tab_ui.cc:53] Requested load of chrome://newtab/ for incorrect profile type.
Apr 18, 2026 17:03:53.820 [13072:18856:0418/170353.819:ERROR:chrome\browser\ui\webui\ntp\new_tab_ui.cc:53] Requested load of chrome://newtab/ for incorrect profile type.
Apr 18, 2026 17:03:54.27 [13072:18856:0418/170354.026:ERROR:chrome\browser\ui\webui\ntp\new_tab_ui.cc:53] Requested load of chrome://newtab/ for incorrect profile type.
Apr 18, 2026 17:03:54.154 [13072:18856:0418/170354.154:ERROR:chrome\browser\ui\webui\ntp\new_tab_ui.cc:53] Requested load of chrome://newtab/ for incorrect profile type.
Apr 18, 2026 17:03:54.609 [13072:18856:0418/170354.609:ERROR:chrome\browser\ui\webui\ntp\new_tab_ui.cc:53] Requested load of chrome://newtab/ for incorrect profile type.
Apr 18, 2026 17:04:12.542 [13072:18856:0418/170412.541:ERROR:chrome\browser\task_manager\providers\fallback_task_provider.cc:126] Every renderer should have at least one task provided by a primary task provider. If a "Renderer" fallback task is shown, it is a bug. If you have repro steps, please file a new bug and tag it as a dependency of crbug.com/40528867.
Apr 18, 2026 17:19:37.264 [13072:18856:0418/171937.262:ERROR:chrome\browser\task_manager\providers\fallback_task_provider.cc:126] Every renderer should have at least one task provided by a primary task provider. If a "Renderer" fallback task is shown, it is a bug. If you have repro steps, please file a new bug and tag it as a dependency of crbug.com/40528867.
Apr 18, 2026 17:23:14.839 [13072:18856:0418/172314.836:ERROR:chrome\browser\task_manager\providers\fallback_task_provider.cc:126] Every renderer should have at least one task provided by a primary task provider. If a "Renderer" fallback task is shown, it is a bug. If you have repro steps, please file a new bug and tag it as a dependency of crbug.com/40528867.
Apr 18, 2026 17:23:15.41 [13072:18856:0418/172315.038:ERROR:chrome\browser\task_manager\providers\fallback_task_provider.cc:126] Every renderer should have at least one task provided by a primary task provider. If a "Renderer" fallback task is shown, it is a bug. If you have repro steps, please file a new bug and tag it as a dependency of crbug.com/40528867.
Apr 18, 2026 17:24:00.522 [13072:26748:0418/172400.521:ERROR:google_apis\gcm\engine\connection_factory_impl.cc:483] ConnectionHandler failed with net error: -2
Apr 18, 2026 17:24:06.381 [13072:26748:0418/172406.380:ERROR:google_apis\gcm\engine\connection_factory_impl.cc:483] ConnectionHandler failed with net error: -2
Apr 18, 2026 17:36:03.525 [13072:26748:0418/173603.524:ERROR:google_apis\gcm\engine\connection_factory_impl.cc:434] Failed to connect to MCS endpoint with error -105
Apr 18, 2026 19:33:31.560 [13072:16720:0418/193331.559:ERROR:components\sync\engine\get_updates_processor.cc:270] PostClientToServerMessage() failed during GetUpdates with error Network error (ERR_INTERNET_DISCONNECTED)
Apr 18, 2026 19:34:11.110 [13072:18856:0418/193411.109:ERROR:chrome\browser\task_manager\providers\fallback_task_provider.cc:126] Every renderer should have at least one task provided by a primary task provider. If a "Renderer" fallback task is shown, it is a bug. If you have repro steps, please file a new bug and tag it as a dependency of crbug.com/40528867.
Apr 18, 2026 19:34:18.906 [13072:18856:0418/193418.905:ERROR:components\device_event_log\device_event_log_impl.cc:202] [19:34:18.903] USB: usb_service_win.cc:108 SetupDiGetDeviceProperty({{A45C254E-DF1C-4EFD-8020-67D146A850E0}, 6}) failed: Element not found. (0x490)
Apr 18, 2026 19:34:22.261 [13072:18856:0418/193422.260:ERROR:chrome\browser\task_manager\providers\fallback_task_provider.cc:126] Every renderer should have at least one task provided by a primary task provider. If a "Renderer" fallback task is shown, it is a bug. If you have repro steps, please file a new bug and tag it as a dependency of crbug.com/40528867.
